TN:
SF:src/app.js
FN:27,(anonymous_1)
FNF:1
FNH:1
FNDA:1,(anonymous_1)
DA:10,1
DA:11,1
DA:12,1
DA:13,1
DA:14,1
DA:15,1
DA:16,1
DA:17,1
DA:18,1
DA:19,1
DA:20,1
DA:22,1
DA:24,1
DA:27,1
DA:28,1
DA:34,1
DA:35,1
DA:36,1
DA:37,1
DA:38,1
DA:40,1
LF:21
LH:21
BRF:0
BRH:0
end_of_record
TN:
SF:src/index.js
FN:11,(anonymous_1)
FNF:1
FNH:1
FNDA:1,(anonymous_1)
DA:4,1
DA:5,1
DA:7,1
DA:9,1
DA:11,1
DA:12,1
DA:15,1
LF:7
LH:7
BRDA:9,0,0,1
BRDA:9,0,1,1
BRF:2
BRH:2
end_of_record
TN:
SF:src/openDoc.js
FNF:0
FNH:0
DA:1,1
LF:1
LH:1
BRF:0
BRH:0
end_of_record
TN:
SF:src/config/cloudinary.js
FNF:0
FNH:0
DA:1,1
DA:2,1
DA:3,1
DA:9,1
LF:4
LH:4
BRF:0
BRH:0
end_of_record
TN:
SF:src/config/init.js
FN:10,_default
FN:11,(anonymous_2)
FN:13,(anonymous_3)
FN:25,(anonymous_4)
FNF:4
FNH:3
FNDA:1,_default
FNDA:1,(anonymous_2)
FNDA:1,(anonymous_3)
FNDA:0,(anonymous_4)
DA:7,1
DA:8,1
DA:11,1
DA:13,1
DA:14,1
DA:15,1
DA:19,0
DA:25,0
DA:26,0
DA:27,0
DA:30,1
LF:11
LH:7
BRDA:14,0,0,0
BRDA:14,0,1,1
BRDA:15,1,0,0
BRDA:15,1,1,1
BRDA:26,2,0,0
BRDA:26,2,1,0
BRF:6
BRH:2
end_of_record
TN:
SF:src/config/production.js
FNF:0
FNH:0
DA:8,1
LF:1
LH:1
BRDA:14,0,0,1
BRDA:14,0,1,1
BRDA:15,1,0,1
BRDA:15,1,1,1
BRDA:16,2,0,1
BRDA:16,2,1,1
BRDA:17,3,0,1
BRDA:17,3,1,1
BRF:8
BRH:8
end_of_record
TN:
SF:src/controllers/AuthController.js
FN:19,(anonymous_2)
FN:48,(anonymous_3)
FN:59,(anonymous_4)
FN:126,(anonymous_5)
FNF:4
FNH:4
FNDA:1,(anonymous_2)
FNDA:1,(anonymous_3)
FNDA:2,(anonymous_4)
FNDA:1,(anonymous_5)
DA:9,1
DA:10,1
DA:11,1
DA:12,1
DA:14,1
DA:22,1
DA:23,1
DA:26,1
DA:27,1
DA:30,1
DA:31,1
DA:33,1
DA:39,1
DA:40,1
DA:41,1
DA:43,0
DA:50,1
DA:51,1
DA:52,1
DA:54,0
DA:62,2
DA:63,2
DA:66,2
DA:67,2
DA:70,1
DA:71,1
DA:86,1
DA:87,1
DA:89,1
DA:129,1
DA:130,1
DA:133,1
DA:134,1
DA:138,1
DA:139,1
DA:155,0
DA:156,0
DA:158,0
DA:164,1
LF:39
LH:34
BRDA:23,0,0,0
BRDA:23,0,1,1
BRDA:27,1,0,0
BRDA:27,1,1,1
BRDA:63,2,0,0
BRDA:63,2,1,2
BRDA:67,3,0,1
BRDA:67,3,1,1
BRDA:71,4,0,0
BRDA:71,4,1,1
BRDA:130,5,0,0
BRDA:130,5,1,1
BRDA:134,6,0,0
BRDA:134,6,1,1
BRDA:139,7,0,1
BRDA:139,7,1,0
BRF:16
BRH:9
end_of_record
TN:
SF:src/controllers/BlogController.js
FN:13,(anonymous_2)
FN:33,(anonymous_3)
FN:63,(anonymous_4)
FN:74,(anonymous_5)
FN:84,(anonymous_6)
FN:93,(anonymous_7)
FN:119,(anonymous_8)
FN:124,(anonymous_9)
FNF:8
FNH:4
FNDA:1,(anonymous_2)
FNDA:0,(anonymous_3)
FNDA:1,(anonymous_4)
FNDA:1,(anonymous_5)
FNDA:0,(anonymous_6)
FNDA:1,(anonymous_7)
FNDA:0,(anonymous_8)
FNDA:0,(anonymous_9)
DA:7,1
DA:8,1
DA:9,1
DA:15,1
DA:16,1
DA:18,1
DA:24,1
DA:25,1
DA:26,1
DA:28,0
DA:36,0
DA:37,0
DA:39,0
DA:45,0
DA:46,0
DA:47,0
DA:48,0
DA:50,0
DA:51,0
DA:53,0
DA:54,0
DA:56,0
DA:57,0
DA:59,0
DA:65,1
DA:66,1
DA:67,1
DA:69,0
DA:76,1
DA:77,1
DA:78,1
DA:80,0
DA:85,0
DA:86,0
DA:87,0
DA:89,0
DA:96,1
DA:97,1
DA:99,1
DA:101,1
DA:103,1
DA:104,1
DA:111,1
DA:112,1
DA:114,0
DA:121,0
DA:122,0
DA:124,0
DA:125,0
DA:130,0
DA:132,0
DA:134,0
DA:146,0
DA:152,1
LF:54
LH:24
BRDA:16,0,0,0
BRDA:16,0,1,1
BRDA:37,1,0,0
BRDA:37,1,1,0
BRDA:47,2,0,0
BRDA:47,2,1,0
BRDA:50,3,0,0
BRDA:50,3,1,0
BRDA:53,4,0,0
BRDA:53,4,1,0
BRDA:97,5,0,0
BRDA:97,5,1,1
BRDA:103,6,0,1
BRDA:103,6,1,0
BRDA:124,7,0,0
BRDA:124,7,1,0
BRF:16
BRH:3
end_of_record
TN:
SF:src/controllers/ContactController.js
FN:12,(anonymous_2)
FN:35,(anonymous_3)
FN:44,(anonymous_4)
FN:56,(anonymous_5)
FNF:4
FNH:3
FNDA:1,(anonymous_2)
FNDA:1,(anonymous_3)
FNDA:1,(anonymous_4)
FNDA:0,(anonymous_5)
DA:4,1
DA:5,1
DA:15,1
DA:16,1
DA:19,1
DA:25,1
DA:26,1
DA:27,1
DA:29,0
DA:36,1
DA:37,1
DA:38,1
DA:40,0
DA:45,1
DA:46,1
DA:47,1
DA:51,0
DA:52,0
DA:57,0
DA:58,0
DA:59,0
DA:62,0
DA:68,1
LF:23
LH:15
BRDA:16,0,0,0
BRDA:16,0,1,1
BRF:2
BRH:1
end_of_record
TN:
SF:src/helpers/image.js
FN:5,(anonymous_1)
FNF:1
FNH:0
FNDA:0,(anonymous_1)
DA:2,1
DA:5,1
DA:6,0
DA:7,0
DA:8,0
DA:9,0
DA:10,0
DA:12,0
DA:16,1
LF:9
LH:3
BRF:0
BRH:0
end_of_record
TN:
SF:src/middlewares/BlogValidation.js
FNF:0
FNH:0
DA:2,1
DA:4,1
DA:10,1
LF:3
LH:3
BRF:0
BRH:0
end_of_record
TN:
SF:src/middlewares/CommentValidation.js
FNF:0
FNH:0
DA:2,1
DA:4,1
DA:9,1
LF:3
LH:3
BRF:0
BRH:0
end_of_record
TN:
SF:src/middlewares/ContactValidation.js
FNF:0
FNH:0
DA:2,1
DA:5,1
DA:11,1
LF:3
LH:3
BRF:0
BRH:0
end_of_record
TN:
SF:src/middlewares/UserValidation.js
FN:5,(anonymous_1)
FN:17,(anonymous_2)
FN:26,(anonymous_3)
FN:38,(anonymous_4)
FNF:4
FNH:3
FNDA:1,(anonymous_1)
FNDA:2,(anonymous_2)
FNDA:0,(anonymous_3)
FNDA:1,(anonymous_4)
DA:2,1
DA:5,1
DA:7,1
DA:17,1
DA:19,2
DA:26,1
DA:28,0
DA:38,1
DA:40,1
LF:9
LH:8
BRF:0
BRH:0
end_of_record
TN:
SF:src/middlewares/verifyToken.js
FN:5,(anonymous_2)
FN:26,(anonymous_3)
FNF:2
FNH:2
FNDA:1,(anonymous_2)
FNDA:6,(anonymous_3)
DA:2,1
DA:6,1
DA:7,1
DA:9,1
DA:11,1
DA:12,1
DA:18,1
DA:21,0
DA:27,6
DA:28,6
DA:30,4
DA:32,4
DA:33,4
DA:35,4
DA:36,0
DA:39,4
DA:42,0
DA:49,1
LF:18
LH:15
BRDA:7,0,0,0
BRDA:7,0,1,1
BRDA:28,1,0,2
BRDA:28,1,1,4
BRDA:35,2,0,0
BRDA:35,2,1,4
BRF:6
BRH:4
end_of_record
TN:
SF:src/models/BlogModel.js
FNF:0
FNH:0
DA:2,1
DA:4,1
DA:53,1
LF:3
LH:3
BRF:0
BRH:0
end_of_record
TN:
SF:src/models/ContactModel.js
FNF:0
FNH:0
DA:2,1
DA:4,1
DA:29,1
LF:3
LH:3
BRF:0
BRH:0
end_of_record
TN:
SF:src/models/UsersModel.js
FNF:0
FNH:0
DA:2,1
DA:4,1
DA:38,1
LF:3
LH:3
BRF:0
BRH:0
end_of_record
TN:
SF:src/routes/BlogRoute.js
FNF:0
FNH:0
DA:7,1
DA:8,1
DA:9,1
DA:10,1
DA:11,1
DA:17,1
DA:18,1
DA:19,1
DA:20,1
DA:21,1
DA:22,1
DA:23,1
DA:24,1
DA:26,1
LF:14
LH:14
BRF:0
BRH:0
end_of_record
TN:
SF:src/routes/ContactRoute.js
FNF:0
FNH:0
DA:6,1
DA:7,1
DA:8,1
DA:9,1
DA:11,1
DA:12,1
DA:13,1
DA:14,1
DA:16,1
LF:9
LH:9
BRF:0
BRH:0
end_of_record
TN:
SF:src/routes/UsersRoute.js
FNF:0
FNH:0
DA:6,1
DA:7,1
DA:8,1
DA:9,1
DA:11,1
DA:12,1
DA:13,1
DA:17,1
DA:20,1
LF:9
LH:9
BRF:0
BRH:0
end_of_record
